Build started 3/18/2015 3:14:07 AM.
     1>Project "C:\Users\dan\Documents\Visual Studio 2010\Projects\JKDemoMetadata\DemoTrimmer\DemoTrimmer.vcxproj" on node 2 (build target(s)).
     1>InitializeBuildStatus:
         Creating "Release\DemoTrimmer.unsuccessfulbuild" because "AlwaysCreate" was specified.
       ClCompile:
         C:\Program Files (x86)\Microsoft Visual Studio 10.0\VC\bin\CL.exe /c /I"C:\Users\dan\Documents\Visual Studio 2010\Projects\JKDemoMetadata\JKDemoMetadata" /I"E:\Users\dan\Downloads\PortableGit-1.7.6-preview20110709\openjk\OpenJK\codemp" /Zi /nologo /W3 /WX- /O2 /Oi /Oy- /GL /D WIN32 /D NDEBUG /D _CONSOLE /D _UNICODE /D UNICODE /Gm- /EHsc /MD /GS /Gy /fp:precise /Zc:wchar_t /Zc:forScope /Fo"Release\\" /Fd"Release\vc100.pdb" /Gd /TP /analyze- /errorReport:prompt ..\JKDemoMetadata\cl_parse.cpp ..\JKDemoMetadata\cmd.cpp ..\JKDemoMetadata\deps.cpp ..\JKDemoMetadata\utils.cpp "E:\Users\dan\Downloads\PortableGit-1.7.6-preview20110709\openjk\OpenJK\codemp\qcommon\huffman.cpp" "E:\Users\dan\Downloads\PortableGit-1.7.6-preview20110709\openjk\OpenJK\codemp\qcommon\msg.cpp" "E:\Users\dan\Downloads\PortableGit-1.7.6-preview20110709\openjk\OpenJK\codemp\qcommon\q_math.cpp" "E:\Users\dan\Downloads\PortableGit-1.7.6-preview20110709\openjk\OpenJK\codemp\qcommon\q_shared.cpp" demo_trimmer.cpp demo_utils.cpp
         cl_parse.cpp
         cmd.cpp
         deps.cpp
         utils.cpp
         huffman.cpp
         msg.cpp
         q_math.cpp
         q_shared.cpp
         demo_trimmer.cpp
         demo_utils.cpp
       Link:
         C:\Program Files (x86)\Microsoft Visual Studio 10.0\VC\bin\link.exe /ERRORREPORT:PROMPT /OUT:"C:\Users\dan\Documents\Visual Studio 2010\Projects\JKDemoMetadata\Release\DemoTrimmer.exe" /INCREMENTAL:NO /NOLOGO kernel32.lib user32.lib gdi32.lib winspool.lib comdlg32.lib advapi32.lib shell32.lib ole32.lib oleaut32.lib uuid.lib odbc32.lib odbccp32.lib /MANIFEST /ManifestFile:"Release\DemoTrimmer.exe.intermediate.manifest" /MANIFESTUAC:"level='asInvoker' uiAccess='false'" /DEBUG /PDB:"C:\Users\dan\Documents\Visual Studio 2010\Projects\JKDemoMetadata\Release\DemoTrimmer.pdb" /SUBSYSTEM:CONSOLE /OPT:REF /OPT:ICF /LTCG /TLBID:1 /DYNAMICBASE /NXCOMPAT /IMPLIB:"C:\Users\dan\Documents\Visual Studio 2010\Projects\JKDemoMetadata\Release\DemoTrimmer.lib" /MACHINE:X86 Release\cl_parse.obj
         Release\cmd.obj
         Release\deps.obj
         Release\utils.obj
         Release\demo_trimmer.obj
         Release\demo_utils.obj
         Release\huffman.obj
         Release\msg.obj
         Release\q_math.obj
         Release\q_shared.obj
         Generating code
         Finished generating code
         DemoTrimmer.vcxproj -> C:\Users\dan\Documents\Visual Studio 2010\Projects\JKDemoMetadata\Release\DemoTrimmer.exe
       Manifest:
         C:\Program Files (x86)\Microsoft SDKs\Windows\v7.0A\bin\mt.exe /nologo /verbose /outputresource:"C:\Users\dan\Documents\Visual Studio 2010\Projects\JKDemoMetadata\Release\DemoTrimmer.exe;#1" /manifest Release\DemoTrimmer.exe.intermediate.manifest
       FinalizeBuildStatus:
         Deleting file "Release\DemoTrimmer.unsuccessfulbuild".
         Touching "Release\DemoTrimmer.lastbuildstate".
     1>Done Building Project "C:\Users\dan\Documents\Visual Studio 2010\Projects\JKDemoMetadata\DemoTrimmer\DemoTrimmer.vcxproj" (build target(s)).

Build succeeded.

Time Elapsed 00:00:04.12
