Build started 11/3/2014 12:03:16 AM.
     1>Project "C:\Users\dan\Documents\Visual Studio 2010\Projects\JKDemoMetadata\DemoBot\DemoBot.vcxproj" on node 2 (build target(s)).
     1>InitializeBuildStatus:
         Touching "Release\DemoBot.unsuccessfulbuild".
       ClCompile:
         C:\Program Files (x86)\Microsoft Visual Studio 10.0\VC\bin\CL.exe /c /I"C:\Users\dan\Documents\Visual Studio 2010\Projects\JKDemoMetadata\JKDemoMetadata" /I"E:\Users\dan\Downloads\PortableGit-1.7.6-preview20110709\openjk\OpenJK\codemp" /Zi /nologo /W3 /WX- /O2 /Oi /Oy- /GL /D _MBCS /Gm- /EHsc /MD /GS /Gy /fp:precise /Zc:wchar_t /Zc:forScope /Fo"Release\\" /Fd"Release\vc100.pdb" /Gd /TP /analyze- /errorReport:prompt ..\JKDemoMetadata\deps.cpp ..\JKDemoMetadata\utils.cpp "E:\Users\dan\Downloads\PortableGit-1.7.6-preview20110709\openjk\OpenJK\codemp\qcommon\huffman.cpp" "E:\Users\dan\Downloads\PortableGit-1.7.6-preview20110709\openjk\OpenJK\codemp\qcommon\msg.cpp" "E:\Users\dan\Downloads\PortableGit-1.7.6-preview20110709\openjk\OpenJK\codemp\qcommon\q_math.cpp" "E:\Users\dan\Downloads\PortableGit-1.7.6-preview20110709\openjk\OpenJK\codemp\qcommon\q_shared.cpp" demobot.cpp moredeps.cpp
         deps.cpp
         utils.cpp
         huffman.cpp
         msg.cpp
         q_math.cpp
         q_shared.cpp
         demobot.cpp
     1>demobot.cpp(297): error C2065: 'filename' : undeclared identifier
     1>demobot.cpp(299): error C2065: 'filename' : undeclared identifier
     1>demobot.cpp(352): error C2065: 'endTime' : undeclared identifier
     1>demobot.cpp(365): error C2065: 'startTime' : undeclared identifier
         moredeps.cpp
     1>Done Building Project "C:\Users\dan\Documents\Visual Studio 2010\Projects\JKDemoMetadata\DemoBot\DemoBot.vcxproj" (build target(s)) -- FAILED.

Build FAILED.

Time Elapsed 00:00:03.44
