Build started 4/3/2015 1:46:05 AM.
     1>Project "C:\Users\dan\Documents\Visual Studio 2010\Projects\JKDemoMetadata\DemoChanger\DemoChanger.vcxproj" on node 2 (build target(s)).
     1>InitializeBuildStatus:
         Creating "Release\DemoChanger.unsuccessfulbuild" because "AlwaysCreate" was specified.
       ClCompile:
         C:\Program Files (x86)\Microsoft Visual Studio 10.0\VC\bin\CL.exe /c /I"C:\Users\dan\Downloads\jansson-2.5\src" /I"C:\Users\dan\Documents\Visual Studio 2010\Projects\JKDemoMetadata\JKDemoMetadata" /I"E:\Users\dan\Downloads\PortableGit-1.7.6-preview20110709\openjk\OpenJK\codemp" /I"C:\Users\dan\Documents\Visual Studio 2010\Projects\JKDemoMetadata\DemoTrimmer" /Zi /nologo /W3 /WX- /O2 /Oi /Oy- /GL /D _MBCS /Gm- /EHsc /MD /GS /Gy /fp:precise /Zc:wchar_t /Zc:forScope /Fo"Release\\" /Fd"Release\vc100.pdb" /Gd /TP /analyze- /errorReport:prompt ..\JKDemoMetadata\cl_parse.cpp demo_changer.cpp
         cl_parse.cpp
         demo_changer.cpp
       Link:
         C:\Program Files (x86)\Microsoft Visual Studio 10.0\VC\bin\link.exe /ERRORREPORT:PROMPT /OUT:"C:\Users\dan\Documents\Visual Studio 2010\Projects\JKDemoMetadata\Release\DemoChanger.exe" /NOLOGO "C:\Users\dan\Downloads\jansson-2.5\win32\vs2010\Output\Release\jansson.lib" kernel32.lib user32.lib gdi32.lib winspool.lib comdlg32.lib advapi32.lib shell32.lib ole32.lib oleaut32.lib uuid.lib odbc32.lib odbccp32.lib /MANIFEST /ManifestFile:"Release\DemoChanger.exe.intermediate.manifest" /MANIFESTUAC:"level='asInvoker' uiAccess='false'" /DEBUG /PDB:"C:\Users\dan\Documents\Visual Studio 2010\Projects\JKDemoMetadata\Release\DemoChanger.pdb" /OPT:REF /OPT:ICF /LTCG /TLBID:1 /DYNAMICBASE /NXCOMPAT /IMPLIB:"C:\Users\dan\Documents\Visual Studio 2010\Projects\JKDemoMetadata\Release\DemoChanger.lib" /MACHINE:X86 Release\demo_utils.obj
         Release\cl_parse.obj
         Release\cmd.obj
         Release\deps.obj
         Release\utils.obj
         Release\demo_changer.obj
         Release\huffman.obj
         Release\msg.obj
         Release\q_math.obj
         Release\q_shared.obj
         Generating code
         Finished generating code
         DemoChanger.vcxproj -> C:\Users\dan\Documents\Visual Studio 2010\Projects\JKDemoMetadata\Release\DemoChanger.exe
       Manifest:
         C:\Program Files (x86)\Microsoft SDKs\Windows\v7.0A\bin\mt.exe /nologo /verbose /outputresource:"C:\Users\dan\Documents\Visual Studio 2010\Projects\JKDemoMetadata\Release\DemoChanger.exe;#1" /manifest Release\DemoChanger.exe.intermediate.manifest
       FinalizeBuildStatus:
         Deleting file "Release\DemoChanger.unsuccessfulbuild".
         Touching "Release\DemoChanger.lastbuildstate".
     1>Done Building Project "C:\Users\dan\Documents\Visual Studio 2010\Projects\JKDemoMetadata\DemoChanger\DemoChanger.vcxproj" (build target(s)).

Build succeeded.

Time Elapsed 00:00:03.45
