C:\USERS\DAN\DOCUMENTS\VISUAL STUDIO 2010\PROJECTS\JKDEMOMETADATA\DEBUG\JKDEMOMETADATA.EXE
C:\USERS\DAN\DOCUMENTS\VISUAL STUDIO 2010\PROJECTS\JKDEMOMETADATA\DEBUG\JKDEMOMETADATA.ILK
C:\USERS\DAN\DOCUMENTS\VISUAL STUDIO 2010\PROJECTS\JKDEMOMETADATA\DEBUG\JKDEMOMETADATA.PDB
c:\Users\dan\documents\visual studio 2010\Projects\JKDemoMetadata\JKDemoMetadata\Debug\cl.command.1.tlog
c:\Users\dan\documents\visual studio 2010\Projects\JKDemoMetadata\JKDemoMetadata\Debug\CL.read.1.tlog
c:\Users\dan\documents\visual studio 2010\Projects\JKDemoMetadata\JKDemoMetadata\Debug\CL.write.1.tlog
C:\USERS\DAN\DOCUMENTS\VISUAL STUDIO 2010\PROJECTS\JKDEMOMETADATA\JKDEMOMETADATA\DEBUG\CL_PARSE.OBJ
C:\USERS\DAN\DOCUMENTS\VISUAL STUDIO 2010\PROJECTS\JKDEMOMETADATA\JKDEMOMETADATA\DEBUG\DEPS.OBJ
C:\USERS\DAN\DOCUMENTS\VISUAL STUDIO 2010\PROJECTS\JKDEMOMETADATA\JKDEMOMETADATA\DEBUG\HUFFMAN.OBJ
C:\USERS\DAN\DOCUMENTS\VISUAL STUDIO 2010\PROJECTS\JKDEMOMETADATA\JKDEMOMETADATA\DEBUG\JKDEMOMETADATA.EXE.EMBED.MANIFEST
C:\USERS\DAN\DOCUMENTS\VISUAL STUDIO 2010\PROJECTS\JKDEMOMETADATA\JKDEMOMETADATA\DEBUG\JKDEMOMETADATA.EXE.EMBED.MANIFEST.RES
C:\USERS\DAN\DOCUMENTS\VISUAL STUDIO 2010\PROJECTS\JKDEMOMETADATA\JKDEMOMETADATA\DEBUG\JKDEMOMETADATA.EXE.INTERMEDIATE.MANIFEST
c:\Users\dan\documents\visual studio 2010\Projects\JKDemoMetadata\JKDemoMetadata\Debug\JKDemoMetadata_manifest.rc
c:\Users\dan\documents\visual studio 2010\Projects\JKDemoMetadata\JKDemoMetadata\Debug\link.55008.read.1.tlog
c:\Users\dan\documents\visual studio 2010\Projects\JKDemoMetadata\JKDemoMetadata\Debug\link.55008.write.1.tlog
c:\Users\dan\documents\visual studio 2010\Projects\JKDemoMetadata\JKDemoMetadata\Debug\link.55008-cvtres.read.1.tlog
c:\Users\dan\documents\visual studio 2010\Projects\JKDemoMetadata\JKDemoMetadata\Debug\link.55008-cvtres.write.1.tlog
c:\Users\dan\documents\visual studio 2010\Projects\JKDemoMetadata\JKDemoMetadata\Debug\link.55304.read.1.tlog
c:\Users\dan\documents\visual studio 2010\Projects\JKDemoMetadata\JKDemoMetadata\Debug\link.55304.write.1.tlog
c:\Users\dan\documents\visual studio 2010\Projects\JKDemoMetadata\JKDemoMetadata\Debug\link.55304-cvtres.read.1.tlog
c:\Users\dan\documents\visual studio 2010\Projects\JKDemoMetadata\JKDemoMetadata\Debug\link.55304-cvtres.write.1.tlog
c:\Users\dan\documents\visual studio 2010\Projects\JKDemoMetadata\JKDemoMetadata\Debug\link.55920.read.1.tlog
c:\Users\dan\documents\visual studio 2010\Projects\JKDemoMetadata\JKDemoMetadata\Debug\link.55920.write.1.tlog
c:\Users\dan\documents\visual studio 2010\Projects\JKDemoMetadata\JKDemoMetadata\Debug\link.55920-cvtres.read.1.tlog
c:\Users\dan\documents\visual studio 2010\Projects\JKDemoMetadata\JKDemoMetadata\Debug\link.55920-cvtres.write.1.tlog
c:\Users\dan\documents\visual studio 2010\Projects\JKDemoMetadata\JKDemoMetadata\Debug\link.56504.read.1.tlog
c:\Users\dan\documents\visual studio 2010\Projects\JKDemoMetadata\JKDemoMetadata\Debug\link.56504.write.1.tlog
c:\Users\dan\documents\visual studio 2010\Projects\JKDemoMetadata\JKDemoMetadata\Debug\link.56504-cvtres.read.1.tlog
c:\Users\dan\documents\visual studio 2010\Projects\JKDemoMetadata\JKDemoMetadata\Debug\link.56504-cvtres.write.1.tlog
c:\Users\dan\documents\visual studio 2010\Projects\JKDemoMetadata\JKDemoMetadata\Debug\link.56552.read.1.tlog
c:\Users\dan\documents\visual studio 2010\Projects\JKDemoMetadata\JKDemoMetadata\Debug\link.56552.write.1.tlog
c:\Users\dan\documents\visual studio 2010\Projects\JKDemoMetadata\JKDemoMetadata\Debug\link.56552-cvtres.read.1.tlog
c:\Users\dan\documents\visual studio 2010\Projects\JKDemoMetadata\JKDemoMetadata\Debug\link.56552-cvtres.write.1.tlog
c:\Users\dan\documents\visual studio 2010\Projects\JKDemoMetadata\JKDemoMetadata\Debug\link.command.1.tlog
c:\Users\dan\documents\visual studio 2010\Projects\JKDemoMetadata\JKDemoMetadata\Debug\link.read.1.tlog
c:\Users\dan\documents\visual studio 2010\Projects\JKDemoMetadata\JKDemoMetadata\Debug\link.write.1.tlog
c:\Users\dan\documents\visual studio 2010\Projects\JKDemoMetadata\JKDemoMetadata\Debug\link-cvtres.read.1.tlog
c:\Users\dan\documents\visual studio 2010\Projects\JKDemoMetadata\JKDemoMetadata\Debug\link-cvtres.write.1.tlog
C:\USERS\DAN\DOCUMENTS\VISUAL STUDIO 2010\PROJECTS\JKDEMOMETADATA\JKDEMOMETADATA\DEBUG\MAIN.OBJ
C:\USERS\DAN\DOCUMENTS\VISUAL STUDIO 2010\PROJECTS\JKDEMOMETADATA\JKDEMOMETADATA\DEBUG\MSG.OBJ
c:\Users\dan\documents\visual studio 2010\Projects\JKDemoMetadata\JKDemoMetadata\Debug\mt.command.1.tlog
c:\Users\dan\documents\visual studio 2010\Projects\JKDemoMetadata\JKDemoMetadata\Debug\mt.read.1.tlog
c:\Users\dan\documents\visual studio 2010\Projects\JKDemoMetadata\JKDemoMetadata\Debug\mt.write.1.tlog
C:\USERS\DAN\DOCUMENTS\VISUAL STUDIO 2010\PROJECTS\JKDEMOMETADATA\JKDEMOMETADATA\DEBUG\Q_SHARED.OBJ
c:\Users\dan\documents\visual studio 2010\Projects\JKDemoMetadata\JKDemoMetadata\Debug\rc.command.1.tlog
c:\Users\dan\documents\visual studio 2010\Projects\JKDemoMetadata\JKDemoMetadata\Debug\rc.read.1.tlog
c:\Users\dan\documents\visual studio 2010\Projects\JKDemoMetadata\JKDemoMetadata\Debug\rc.write.1.tlog
c:\Users\dan\documents\visual studio 2010\Projects\JKDemoMetadata\JKDemoMetadata\Debug\vc100.idb
C:\USERS\DAN\DOCUMENTS\VISUAL STUDIO 2010\PROJECTS\JKDEMOMETADATA\JKDEMOMETADATA\DEBUG\VC100.PDB
