Build started 3/18/2015 3:13:58 AM.
     1>Project "C:\Users\dan\Documents\Visual Studio 2010\Projects\JKDemoMetadata\JKDemoMetadata\JKDemoMetadata.vcxproj" on node 2 (build target(s)).
     1>InitializeBuildStatus:
         Creating "Debug\JKDemoMetadata.unsuccessfulbuild" because "AlwaysCreate" was specified.
       ClCompile:
         C:\Program Files (x86)\Microsoft Visual Studio 10.0\VC\bin\CL.exe /c /I"C:\Users\dan\Downloads\jansson-2.5\src" /I"E:\Users\dan\Downloads\PortableGit-1.7.6-preview20110709\openjk\OpenJK\codemp" /ZI /nologo /W3 /WX- /Od /Oy- /D WIN32 /D _DEBUG /D _CONSOLE /D _UNICODE /D UNICODE /Gm /EHsc /RTC1 /MDd /GS /fp:precise /Zc:wchar_t /Zc:forScope /Fo"Debug\\" /Fd"Debug\vc100.pdb" /Gd /TP /analyze- /errorReport:prompt deps.cpp main.cpp utils.cpp
         utils.cpp
         deps.cpp
         Generating Code...
         Compiling...
         main.cpp
         Generating Code...
       ManifestResourceCompile:
         All outputs are up-to-date.
       Link:
         C:\Program Files (x86)\Microsoft Visual Studio 10.0\VC\bin\link.exe /ERRORREPORT:PROMPT /OUT:"C:\Users\dan\Documents\Visual Studio 2010\Projects\JKDemoMetadata\Debug\JKDemoMetadata.exe" /INCREMENTAL /NOLOGO "C:\Users\dan\Downloads\jansson-2.5\win32\vs2010\Output\Debug\jansson.lib" kernel32.lib user32.lib gdi32.lib winspool.lib comdlg32.lib advapi32.lib shell32.lib ole32.lib oleaut32.lib uuid.lib odbc32.lib odbccp32.lib /MANIFEST /ManifestFile:"Debug\JKDemoMetadata.exe.intermediate.manifest" /MANIFESTUAC:"level='asInvoker' uiAccess='false'" /DEBUG /PDB:"C:\Users\dan\Documents\Visual Studio 2010\Projects\JKDemoMetadata\Debug\JKDemoMetadata.pdb" /SUBSYSTEM:CONSOLE /TLBID:1 /DYNAMICBASE /NXCOMPAT /IMPLIB:"C:\Users\dan\Documents\Visual Studio 2010\Projects\JKDemoMetadata\Debug\JKDemoMetadata.lib" /MACHINE:X86 Debug\JKDemoMetadata.exe.embed.manifest.res
         Debug\cl_parse.obj
         Debug\cmd.obj
         Debug\deps.obj
         Debug\huffman.obj
         Debug\msg.obj
         Debug\q_math.obj
         Debug\q_shared.obj
         Debug\main.obj
         Debug\utils.obj
       Manifest:
         C:\Program Files (x86)\Microsoft SDKs\Windows\v7.0A\bin\mt.exe /nologo /verbose /out:"Debug\JKDemoMetadata.exe.embed.manifest" /manifest Debug\JKDemoMetadata.exe.intermediate.manifest
         All outputs are up-to-date.
       LinkEmbedManifest:
         All outputs are up-to-date.
         JKDemoMetadata.vcxproj -> C:\Users\dan\Documents\Visual Studio 2010\Projects\JKDemoMetadata\Debug\JKDemoMetadata.exe
       FinalizeBuildStatus:
         Deleting file "Debug\JKDemoMetadata.unsuccessfulbuild".
         Touching "Debug\JKDemoMetadata.lastbuildstate".
     1>Done Building Project "C:\Users\dan\Documents\Visual Studio 2010\Projects\JKDemoMetadata\JKDemoMetadata\JKDemoMetadata.vcxproj" (build target(s)).

Build succeeded.

Time Elapsed 00:00:02.53
