Build started 4/3/2015 12:03:24 AM.
     1>Project "C:\Users\dan\Documents\Visual Studio 2010\Projects\JKDemoMetadata\DemoMerger\DemoMerger.vcxproj" on node 2 (build target(s)).
     1>InitializeBuildStatus:
         Creating "Release\DemoMerger.unsuccessfulbuild" because "AlwaysCreate" was specified.
       ClCompile:
         C:\Program Files (x86)\Microsoft Visual Studio 10.0\VC\bin\CL.exe /c /I"C:\Users\dan\Documents\Visual Studio 2010\Projects\JKDemoMetadata\JKDemoMetadata" /I"E:\Users\dan\Downloads\PortableGit-1.7.6-preview20110709\openjk\OpenJK\codemp" /I"C:\Users\dan\Documents\Visual Studio 2010\Projects\JKDemoMetadata\DemoTrimmer" /Zi /nologo /W3 /WX- /O2 /Oi /Oy- /GL /D WIN32 /D NDEBUG /D _CONSOLE /D _UNICODE /D UNICODE /Gm- /EHsc /MD /GS /Gy /fp:precise /Zc:wchar_t /Zc:forScope /Fo"Release\\" /Fd"Release\vc100.pdb" /Gd /TP /analyze- /errorReport:prompt ..\JKDemoMetadata\cl_parse.cpp
         cl_parse.cpp
       Link:
         C:\Program Files (x86)\Microsoft Visual Studio 10.0\VC\bin\link.exe /ERRORREPORT:PROMPT /OUT:"C:\Users\dan\Documents\Visual Studio 2010\Projects\JKDemoMetadata\Release\DemoMerger.exe" /INCREMENTAL:NO /NOLOGO kernel32.lib user32.lib gdi32.lib winspool.lib comdlg32.lib advapi32.lib shell32.lib ole32.lib oleaut32.lib uuid.lib odbc32.lib odbccp32.lib /MANIFEST /ManifestFile:"Release\DemoMerger.exe.intermediate.manifest" /MANIFESTUAC:"level='asInvoker' uiAccess='false'" /DEBUG /PDB:"C:\Users\dan\Documents\Visual Studio 2010\Projects\JKDemoMetadata\Release\DemoMerger.pdb" /SUBSYSTEM:CONSOLE /OPT:REF /OPT:ICF /LTCG /TLBID:1 /DYNAMICBASE /NXCOMPAT /IMPLIB:"C:\Users\dan\Documents\Visual Studio 2010\Projects\JKDemoMetadata\Release\DemoMerger.lib" /MACHINE:X86 Release\demo_utils.obj
         Release\cl_parse.obj
         Release\cmd.obj
         Release\deps.obj
         Release\utils.obj
         Release\demo_merger.obj
         Release\huffman.obj
         Release\msg.obj
         Release\q_math.obj
         Release\q_shared.obj
         Generating code
         Finished generating code
         DemoMerger.vcxproj -> C:\Users\dan\Documents\Visual Studio 2010\Projects\JKDemoMetadata\Release\DemoMerger.exe
       Manifest:
         C:\Program Files (x86)\Microsoft SDKs\Windows\v7.0A\bin\mt.exe /nologo /verbose /outputresource:"C:\Users\dan\Documents\Visual Studio 2010\Projects\JKDemoMetadata\Release\DemoMerger.exe;#1" /manifest Release\DemoMerger.exe.intermediate.manifest
       FinalizeBuildStatus:
         Deleting file "Release\DemoMerger.unsuccessfulbuild".
         Touching "Release\DemoMerger.lastbuildstate".
     1>Done Building Project "C:\Users\dan\Documents\Visual Studio 2010\Projects\JKDemoMetadata\DemoMerger\DemoMerger.vcxproj" (build target(s)).

Build succeeded.

Time Elapsed 00:00:01.12
