Build started 4/2/2015 2:38:52 AM.
     1>Project "C:\Users\dan\Documents\Visual Studio 2010\Projects\JKDemoMetadata\DemoChanger\DemoChanger.vcxproj" on node 2 (build target(s)).
     1>InitializeBuildStatus:
         Creating "Debug\DemoChanger.unsuccessfulbuild" because "AlwaysCreate" was specified.
       ClCompile:
         C:\Program Files (x86)\Microsoft Visual Studio 10.0\VC\bin\CL.exe /c /I"C:\Users\dan\Downloads\jansson-2.5\src" /I"C:\Users\dan\Documents\Visual Studio 2010\Projects\JKDemoMetadata\JKDemoMetadata" /I"E:\Users\dan\Downloads\PortableGit-1.7.6-preview20110709\openjk\OpenJK\codemp" /I"C:\Users\dan\Documents\Visual Studio 2010\Projects\JKDemoMetadata\DemoTrimmer" /ZI /nologo /W3 /WX- /Od /Oy- /D _MBCS /Gm /EHsc /RTC1 /MDd /GS /fp:precise /Zc:wchar_t /Zc:forScope /Fo"Debug\\" /Fd"Debug\vc100.pdb" /Gd /TP /analyze- /errorReport:prompt demo_changer.cpp
         demo_changer.cpp
       Link:
         C:\Program Files (x86)\Microsoft Visual Studio 10.0\VC\bin\link.exe /ERRORREPORT:PROMPT /OUT:"C:\Users\dan\Documents\Visual Studio 2010\Projects\JKDemoMetadata\Debug\DemoChanger.exe" /NOLOGO "C:\Users\dan\Downloads\jansson-2.5\win32\vs2010\Output\Debug\jansson.lib" kernel32.lib user32.lib gdi32.lib winspool.lib comdlg32.lib advapi32.lib shell32.lib ole32.lib oleaut32.lib uuid.lib odbc32.lib odbccp32.lib /MANIFEST /ManifestFile:"Debug\DemoChanger.exe.intermediate.manifest" /MANIFESTUAC:"level='asInvoker' uiAccess='false'" /DEBUG /PDB:"C:\Users\dan\Documents\Visual Studio 2010\Projects\JKDemoMetadata\Debug\DemoChanger.pdb" /TLBID:1 /DYNAMICBASE /NXCOMPAT /IMPLIB:"C:\Users\dan\Documents\Visual Studio 2010\Projects\JKDemoMetadata\Debug\DemoChanger.lib" /MACHINE:X86 Debug\demo_utils.obj
         Debug\cl_parse.obj
         Debug\cmd.obj
         Debug\deps.obj
         Debug\utils.obj
         Debug\demo_changer.obj
         Debug\huffman.obj
         Debug\msg.obj
         Debug\q_math.obj
         Debug\q_shared.obj
         LINK : C:\Users\dan\Documents\Visual Studio 2010\Projects\JKDemoMetadata\Debug\DemoChanger.exe not found or not built by the last incremental link; performing full link
         DemoChanger.vcxproj -> C:\Users\dan\Documents\Visual Studio 2010\Projects\JKDemoMetadata\Debug\DemoChanger.exe
       Manifest:
         C:\Program Files (x86)\Microsoft SDKs\Windows\v7.0A\bin\mt.exe /nologo /verbose /outputresource:"C:\Users\dan\Documents\Visual Studio 2010\Projects\JKDemoMetadata\Debug\DemoChanger.exe;#1" /manifest Debug\DemoChanger.exe.intermediate.manifest
       FinalizeBuildStatus:
         Deleting file "Debug\DemoChanger.unsuccessfulbuild".
         Touching "Debug\DemoChanger.lastbuildstate".
     1>Done Building Project "C:\Users\dan\Documents\Visual Studio 2010\Projects\JKDemoMetadata\DemoChanger\DemoChanger.vcxproj" (build target(s)).

Build succeeded.

Time Elapsed 00:00:01.47
